mode: set
github.com/dashfabric/weaver/pkg/observability/logging.go:33.91,36.17 2 1
github.com/dashfabric/weaver/pkg/observability/logging.go:36.17,38.3 1 1
github.com/dashfabric/weaver/pkg/observability/logging.go:38.8,40.3 1 0
github.com/dashfabric/weaver/pkg/observability/logging.go:43.2,48.16 5 1
github.com/dashfabric/weaver/pkg/observability/logging.go:48.16,50.3 1 0
github.com/dashfabric/weaver/pkg/observability/logging.go:52.2,57.8 2 1
github.com/dashfabric/weaver/pkg/observability/logging.go:61.104,78.2 3 1
github.com/dashfabric/weaver/pkg/observability/logging.go:81.134,85.19 3 1
github.com/dashfabric/weaver/pkg/observability/logging.go:85.19,87.3 1 0
github.com/dashfabric/weaver/pkg/observability/logging.go:88.2,88.33 1 1
github.com/dashfabric/weaver/pkg/observability/logging.go:88.33,90.3 1 0
github.com/dashfabric/weaver/pkg/observability/logging.go:92.2,108.16 4 1
github.com/dashfabric/weaver/pkg/observability/logging.go:108.16,110.3 1 0
github.com/dashfabric/weaver/pkg/observability/logging.go:112.2,112.20 1 1
github.com/dashfabric/weaver/pkg/observability/logging.go:116.112,133.2 3 1
github.com/dashfabric/weaver/pkg/observability/logging.go:136.116,140.24 3 1
github.com/dashfabric/weaver/pkg/observability/logging.go:140.24,142.3 1 1
github.com/dashfabric/weaver/pkg/observability/logging.go:144.2,157.20 2 1
github.com/dashfabric/weaver/pkg/observability/logging.go:161.112,178.2 3 1
github.com/dashfabric/weaver/pkg/observability/logging.go:181.124,198.2 3 1
github.com/dashfabric/weaver/pkg/observability/logging.go:201.99,215.2 3 1
github.com/dashfabric/weaver/pkg/observability/logging.go:218.54,221.16 2 1
github.com/dashfabric/weaver/pkg/observability/logging.go:221.16,224.3 2 0
github.com/dashfabric/weaver/pkg/observability/logging.go:226.2,226.39 1 1
github.com/dashfabric/weaver/pkg/observability/logging.go:230.49,231.72 1 1
github.com/dashfabric/weaver/pkg/observability/logging.go:231.72,233.3 1 1
github.com/dashfabric/weaver/pkg/observability/logging.go:236.2,236.55 1 1
github.com/dashfabric/weaver/pkg/observability/logging.go:240.42,242.2 1 1
github.com/dashfabric/weaver/pkg/observability/logging.go:245.78,247.2 1 1
github.com/dashfabric/weaver/pkg/observability/metrics.go:44.62,147.2 1 1
github.com/dashfabric/weaver/pkg/observability/metrics.go:150.97,155.2 3 1
github.com/dashfabric/weaver/pkg/observability/metrics.go:158.67,162.2 2 1
github.com/dashfabric/weaver/pkg/observability/metrics.go:165.68,172.2 2 1
github.com/dashfabric/weaver/pkg/observability/metrics.go:175.62,179.2 2 1
github.com/dashfabric/weaver/pkg/observability/metrics.go:182.78,184.13 2 1
github.com/dashfabric/weaver/pkg/observability/metrics.go:184.13,186.3 1 1
github.com/dashfabric/weaver/pkg/observability/metrics.go:187.2,187.55 1 1
github.com/dashfabric/weaver/pkg/observability/metrics.go:191.88,193.2 1 0
github.com/dashfabric/weaver/pkg/observability/metrics.go:196.86,197.19 1 0
github.com/dashfabric/weaver/pkg/observability/metrics.go:197.19,199.3 1 0
github.com/dashfabric/weaver/pkg/observability/metrics.go:200.2,200.21 1 0
github.com/dashfabric/weaver/pkg/observability/metrics.go:200.21,202.3 1 0
github.com/dashfabric/weaver/pkg/observability/metrics.go:203.2,203.60 1 0
github.com/dashfabric/weaver/pkg/observability/metrics.go:207.81,209.2 1 1
github.com/dashfabric/weaver/pkg/observability/metrics.go:212.77,216.2 2 1
github.com/dashfabric/weaver/pkg/observability/metrics.go:219.70,223.2 2 1
github.com/dashfabric/weaver/pkg/observability/metrics.go:226.59,235.2 1 1
