mode: set
github.com/dashfabric/weaver/pkg/reliability/circuit_breaker.go:16.46,17.11 1 1
github.com/dashfabric/weaver/pkg/reliability/circuit_breaker.go:18.19,19.18 1 1
github.com/dashfabric/weaver/pkg/reliability/circuit_breaker.go:20.17,21.16 1 1
github.com/dashfabric/weaver/pkg/reliability/circuit_breaker.go:22.21,23.21 1 1
github.com/dashfabric/weaver/pkg/reliability/circuit_breaker.go:24.10,25.19 1 0
github.com/dashfabric/weaver/pkg/reliability/circuit_breaker.go:43.103,44.27 1 1
github.com/dashfabric/weaver/pkg/reliability/circuit_breaker.go:44.27,46.3 1 1
github.com/dashfabric/weaver/pkg/reliability/circuit_breaker.go:47.2,47.27 1 1
github.com/dashfabric/weaver/pkg/reliability/circuit_breaker.go:47.27,49.3 1 1
github.com/dashfabric/weaver/pkg/reliability/circuit_breaker.go:50.2,50.18 1 1
github.com/dashfabric/weaver/pkg/reliability/circuit_breaker.go:50.18,52.3 1 1
github.com/dashfabric/weaver/pkg/reliability/circuit_breaker.go:54.2,62.3 1 1
github.com/dashfabric/weaver/pkg/reliability/circuit_breaker.go:66.40,70.18 3 1
github.com/dashfabric/weaver/pkg/reliability/circuit_breaker.go:71.19,72.14 1 1
github.com/dashfabric/weaver/pkg/reliability/circuit_breaker.go:74.17,75.51 1 1
github.com/dashfabric/weaver/pkg/reliability/circuit_breaker.go:75.51,81.4 5 1
github.com/dashfabric/weaver/pkg/reliability/circuit_breaker.go:82.3,82.15 1 1
github.com/dashfabric/weaver/pkg/reliability/circuit_breaker.go:84.21,85.14 1 0
github.com/dashfabric/weaver/pkg/reliability/circuit_breaker.go:88.2,88.14 1 0
github.com/dashfabric/weaver/pkg/reliability/circuit_breaker.go:92.43,99.18 5 1
github.com/dashfabric/weaver/pkg/reliability/circuit_breaker.go:100.19,100.19 0 1
github.com/dashfabric/weaver/pkg/reliability/circuit_breaker.go:103.21,105.53 2 1
github.com/dashfabric/weaver/pkg/reliability/circuit_breaker.go:105.53,109.4 3 1
github.com/dashfabric/weaver/pkg/reliability/circuit_breaker.go:114.43,122.18 6 1
github.com/dashfabric/weaver/pkg/reliability/circuit_breaker.go:123.19,125.52 2 1
github.com/dashfabric/weaver/pkg/reliability/circuit_breaker.go:125.52,129.4 3 1
github.com/dashfabric/weaver/pkg/reliability/circuit_breaker.go:131.21,134.20 3 1
github.com/dashfabric/weaver/pkg/reliability/circuit_breaker.go:139.58,143.2 3 1
github.com/dashfabric/weaver/pkg/reliability/circuit_breaker.go:146.63,156.2 3 1
github.com/dashfabric/weaver/pkg/reliability/circuit_breaker.go:159.35,170.2 9 1
github.com/dashfabric/weaver/pkg/reliability/retry.go:25.42,26.29 1 1
github.com/dashfabric/weaver/pkg/reliability/retry.go:26.29,28.3 1 1
github.com/dashfabric/weaver/pkg/reliability/retry.go:29.2,29.32 1 1
github.com/dashfabric/weaver/pkg/reliability/retry.go:29.32,31.3 1 1
github.com/dashfabric/weaver/pkg/reliability/retry.go:32.2,32.28 1 1
github.com/dashfabric/weaver/pkg/reliability/retry.go:32.28,34.3 1 1
github.com/dashfabric/weaver/pkg/reliability/retry.go:35.2,35.28 1 1
github.com/dashfabric/weaver/pkg/reliability/retry.go:35.28,37.3 1 1
github.com/dashfabric/weaver/pkg/reliability/retry.go:38.2,38.32 1 1
github.com/dashfabric/weaver/pkg/reliability/retry.go:38.32,40.3 1 1
github.com/dashfabric/weaver/pkg/reliability/retry.go:42.2,42.31 1 1
github.com/dashfabric/weaver/pkg/reliability/retry.go:46.69,49.62 2 1
github.com/dashfabric/weaver/pkg/reliability/retry.go:49.62,51.17 2 1
github.com/dashfabric/weaver/pkg/reliability/retry.go:51.17,53.4 1 1
github.com/dashfabric/weaver/pkg/reliability/retry.go:55.3,57.24 2 1
github.com/dashfabric/weaver/pkg/reliability/retry.go:57.24,59.4 1 1
github.com/dashfabric/weaver/pkg/reliability/retry.go:61.3,61.40 1 1
github.com/dashfabric/weaver/pkg/reliability/retry.go:61.40,62.9 1 1
github.com/dashfabric/weaver/pkg/reliability/retry.go:65.3,69.10 4 1
github.com/dashfabric/weaver/pkg/reliability/retry.go:70.32,70.32 0 1
github.com/dashfabric/weaver/pkg/reliability/retry.go:73.21,74.20 1 1
github.com/dashfabric/weaver/pkg/reliability/retry.go:78.2,78.16 1 1
github.com/dashfabric/weaver/pkg/reliability/retry.go:82.61,88.35 3 1
github.com/dashfabric/weaver/pkg/reliability/retry.go:88.35,90.3 1 1
github.com/dashfabric/weaver/pkg/reliability/retry.go:92.2,92.16 1 1
github.com/dashfabric/weaver/pkg/reliability/retry.go:96.70,100.2 3 1
github.com/dashfabric/weaver/pkg/reliability/retry.go:103.34,104.16 1 1
github.com/dashfabric/weaver/pkg/reliability/retry.go:104.16,106.3 1 0
github.com/dashfabric/weaver/pkg/reliability/retry.go:108.2,108.46 1 1
github.com/dashfabric/weaver/pkg/reliability/retry.go:108.46,110.3 1 1
github.com/dashfabric/weaver/pkg/reliability/retry.go:112.2,112.35 1 1
github.com/dashfabric/weaver/pkg/reliability/retry.go:112.35,114.3 1 1
github.com/dashfabric/weaver/pkg/reliability/retry.go:116.2,126.44 3 1
github.com/dashfabric/weaver/pkg/reliability/retry.go:126.44,127.57 1 1
github.com/dashfabric/weaver/pkg/reliability/retry.go:127.57,129.4 1 1
github.com/dashfabric/weaver/pkg/reliability/retry.go:132.2,132.14 1 1
github.com/dashfabric/weaver/pkg/reliability/timeout.go:19.62,20.31 1 1
github.com/dashfabric/weaver/pkg/reliability/timeout.go:20.31,22.3 1 1
github.com/dashfabric/weaver/pkg/reliability/timeout.go:23.2,23.32 1 1
github.com/dashfabric/weaver/pkg/reliability/timeout.go:23.32,25.3 1 1
github.com/dashfabric/weaver/pkg/reliability/timeout.go:26.2,26.32 1 1
github.com/dashfabric/weaver/pkg/reliability/timeout.go:26.32,28.3 1 1
github.com/dashfabric/weaver/pkg/reliability/timeout.go:29.2,29.29 1 1
github.com/dashfabric/weaver/pkg/reliability/timeout.go:29.29,31.3 1 1
github.com/dashfabric/weaver/pkg/reliability/timeout.go:33.2,33.40 1 1
github.com/dashfabric/weaver/pkg/reliability/timeout.go:41.17,43.24 2 1
github.com/dashfabric/weaver/pkg/reliability/timeout.go:43.24,45.3 1 1
github.com/dashfabric/weaver/pkg/reliability/timeout.go:48.2,53.43 4 1
github.com/dashfabric/weaver/pkg/reliability/timeout.go:53.43,55.3 1 1
github.com/dashfabric/weaver/pkg/reliability/timeout.go:58.2,58.20 1 1
github.com/dashfabric/weaver/pkg/reliability/timeout.go:58.20,60.3 1 0
github.com/dashfabric/weaver/pkg/reliability/timeout.go:62.2,62.19 1 1
github.com/dashfabric/weaver/pkg/reliability/timeout.go:69.41,71.25 2 1
github.com/dashfabric/weaver/pkg/reliability/timeout.go:71.25,73.3 1 1
github.com/dashfabric/weaver/pkg/reliability/timeout.go:75.2,75.45 1 1
github.com/dashfabric/weaver/pkg/reliability/timeout.go:83.41,85.9 2 1
github.com/dashfabric/weaver/pkg/reliability/timeout.go:85.9,87.3 1 0
github.com/dashfabric/weaver/pkg/reliability/timeout.go:89.2,92.37 3 1
github.com/dashfabric/weaver/pkg/reliability/timeout.go:92.37,94.3 1 0
github.com/dashfabric/weaver/pkg/reliability/timeout.go:96.2,96.58 1 1
github.com/dashfabric/weaver/pkg/reliability/timeout.go:100.60,102.2 1 1
github.com/dashfabric/weaver/pkg/reliability/timeout.go:105.61,107.2 1 1
