mode: set
github.com/dashfabric/fm/cmd/fm/main.go:14.13,33.16 9 0
github.com/dashfabric/fm/cmd/fm/main.go:33.16,36.3 2 0
github.com/dashfabric/fm/cmd/fm/main.go:39.2,44.16 4 0
github.com/dashfabric/fm/cmd/fm/main.go:44.16,47.3 2 0
github.com/dashfabric/fm/cmd/fm/main.go:50.2,50.12 1 0
github.com/dashfabric/fm/cmd/fm/main.go:50.12,51.57 1 0
github.com/dashfabric/fm/cmd/fm/main.go:51.57,53.4 1 0
github.com/dashfabric/fm/cmd/fm/main.go:57.2,57.12 1 0
github.com/dashfabric/fm/cmd/fm/main.go:57.12,58.61 1 0
github.com/dashfabric/fm/cmd/fm/main.go:58.61,60.4 1 0
github.com/dashfabric/fm/cmd/fm/main.go:63.2,72.9 4 0
github.com/dashfabric/fm/cmd/fm/main.go:73.24,74.48 1 0
github.com/dashfabric/fm/cmd/fm/main.go:75.20,76.35 1 0
github.com/dashfabric/fm/cmd/fm/main.go:80.2,84.55 4 0
github.com/dashfabric/fm/cmd/fm/main.go:84.55,87.3 2 0
github.com/dashfabric/fm/cmd/fm/main.go:89.2,89.39 1 0
github.com/dashfabric/fm/cmd/fm/main.go:104.37,106.2 1 0
github.com/dashfabric/fm/cmd/fm/main.go:108.65,110.2 1 0
github.com/dashfabric/fm/cmd/fm/main.go:112.66,114.2 1 0
github.com/dashfabric/fm/cmd/fm/main.go:116.66,117.24 1 0
github.com/dashfabric/fm/cmd/fm/main.go:117.24,119.3 1 0
github.com/dashfabric/fm/cmd/fm/main.go:143.47,156.2 10 0
github.com/dashfabric/fm/cmd/fm/main.go:168.96,179.2 2 0
github.com/dashfabric/fm/cmd/fm/main.go:182.52,186.9 2 0
github.com/dashfabric/fm/cmd/fm/main.go:190.52,194.9 2 0
github.com/dashfabric/fm/cmd/fm/main.go:198.56,202.2 2 0
github.com/dashfabric/fm/pkg/cm/cache.go:30.41,31.18 1 0
github.com/dashfabric/fm/pkg/cm/cache.go:31.18,33.3 1 0
github.com/dashfabric/fm/pkg/cm/cache.go:34.2,38.3 1 0
github.com/dashfabric/fm/pkg/cm/cache.go:43.59,47.50 3 0
github.com/dashfabric/fm/pkg/cm/cache.go:47.50,53.3 3 0
github.com/dashfabric/fm/pkg/cm/cache.go:56.2,68.29 6 0
github.com/dashfabric/fm/pkg/cm/cache.go:68.29,70.3 1 0
github.com/dashfabric/fm/pkg/cm/cache.go:72.2,72.14 1 0
github.com/dashfabric/fm/pkg/cm/cache.go:77.31,79.17 2 0
github.com/dashfabric/fm/pkg/cm/cache.go:79.17,83.3 3 0
github.com/dashfabric/fm/pkg/cm/cache.go:87.31,91.2 3 0
github.com/dashfabric/fm/pkg/cm/cache.go:94.34,96.2 1 0
github.com/dashfabric/fm/pkg/cm/cache.go:99.39,105.15 5 0
github.com/dashfabric/fm/pkg/cm/cache.go:105.15,107.3 1 0
github.com/dashfabric/fm/pkg/cm/cache.go:109.2,116.3 1 0
github.com/dashfabric/fm/pkg/cm/cache.go:120.28,129.2 7 0
github.com/dashfabric/fm/pkg/cm/subscriber.go:20.74,21.16 1 0
github.com/dashfabric/fm/pkg/cm/subscriber.go:21.16,23.3 1 0
github.com/dashfabric/fm/pkg/cm/subscriber.go:25.2,29.16 2 0
github.com/dashfabric/fm/pkg/cm/subscriber.go:29.16,31.3 1 0
github.com/dashfabric/fm/pkg/cm/subscriber.go:33.2,38.8 1 0
github.com/dashfabric/fm/pkg/cm/subscriber.go:42.96,43.22 1 0
github.com/dashfabric/fm/pkg/cm/subscriber.go:43.22,45.3 1 0
github.com/dashfabric/fm/pkg/cm/subscriber.go:48.2,48.31 1 0
github.com/dashfabric/fm/pkg/cm/subscriber.go:48.31,50.3 1 0
github.com/dashfabric/fm/pkg/cm/subscriber.go:52.2,52.23 1 0
github.com/dashfabric/fm/pkg/cm/subscriber.go:56.72,59.6 2 0
github.com/dashfabric/fm/pkg/cm/subscriber.go:59.6,60.10 1 0
github.com/dashfabric/fm/pkg/cm/subscriber.go:61.19,62.10 1 0
github.com/dashfabric/fm/pkg/cm/subscriber.go:63.21,64.10 1 0
github.com/dashfabric/fm/pkg/cm/subscriber.go:65.26,66.25 1 0
github.com/dashfabric/fm/pkg/cm/subscriber.go:66.25,67.13 1 0
github.com/dashfabric/fm/pkg/cm/subscriber.go:70.4,70.38 1 0
github.com/dashfabric/fm/pkg/cm/subscriber.go:70.38,79.12 3 0
github.com/dashfabric/fm/pkg/cm/subscriber.go:80.27,80.27 0 0
github.com/dashfabric/fm/pkg/cm/subscriber.go:81.21,82.12 1 0
github.com/dashfabric/fm/pkg/cm/subscriber.go:90.40,93.2 2 0
github.com/dashfabric/fm/pkg/cm/types.go:23.45,28.2 3 0
github.com/dashfabric/fm/pkg/cm/types.go:102.56,106.37 2 0
github.com/dashfabric/fm/pkg/cm/types.go:106.37,109.3 2 0
github.com/dashfabric/fm/pkg/cm/types.go:110.2,110.15 1 0
github.com/dashfabric/fm/pkg/cm/types.go:114.52,116.19 2 0
github.com/dashfabric/fm/pkg/cm/types.go:116.19,118.3 1 0
github.com/dashfabric/fm/pkg/cm/types.go:119.2,120.13 2 0
github.com/dashfabric/fm/pkg/cm/types.go:124.46,125.25 1 0
github.com/dashfabric/fm/pkg/cm/types.go:126.14,127.13 1 0
github.com/dashfabric/fm/pkg/cm/types.go:128.15,129.26 1 0
github.com/dashfabric/fm/pkg/cm/types.go:130.12,131.25 1 0
github.com/dashfabric/fm/pkg/cm/types.go:132.10,133.12 1 0
github.com/dashfabric/fm/pkg/cm/types.go:137.36,139.2 1 0
github.com/dashfabric/fm/pkg/cm/types.go:141.32,142.7 1 0
github.com/dashfabric/fm/pkg/cm/types.go:142.7,144.3 1 0
github.com/dashfabric/fm/pkg/cm/types.go:145.2,145.16 1 0
github.com/dashfabric/fm/pkg/dm/errors.go:21.52,23.2 1 0
github.com/dashfabric/fm/pkg/dm/rules.go:11.38,13.2 1 0
github.com/dashfabric/fm/pkg/dm/rules.go:15.80,19.33 3 0
github.com/dashfabric/fm/pkg/dm/rules.go:19.33,25.70 4 0
github.com/dashfabric/fm/pkg/dm/rules.go:25.70,30.4 1 0
github.com/dashfabric/fm/pkg/dm/rules.go:32.2,32.12 1 0
github.com/dashfabric/fm/pkg/dm/rules.go:35.79,38.2 1 0
github.com/dashfabric/fm/pkg/dm/rules.go:43.40,45.2 1 0
github.com/dashfabric/fm/pkg/dm/rules.go:47.82,51.39 3 0
github.com/dashfabric/fm/pkg/dm/rules.go:51.39,57.16 5 0
github.com/dashfabric/fm/pkg/dm/rules.go:57.16,62.4 1 0
github.com/dashfabric/fm/pkg/dm/rules.go:64.3,64.49 1 0
github.com/dashfabric/fm/pkg/dm/rules.go:64.49,69.4 1 0
github.com/dashfabric/fm/pkg/dm/rules.go:71.2,71.12 1 0
github.com/dashfabric/fm/pkg/dm/rules.go:74.81,76.2 1 0
github.com/dashfabric/fm/pkg/dm/rules.go:81.38,83.2 1 0
github.com/dashfabric/fm/pkg/dm/rules.go:85.80,89.39 3 0
github.com/dashfabric/fm/pkg/dm/rules.go:89.39,95.11 5 0
github.com/dashfabric/fm/pkg/dm/rules.go:95.11,96.17 1 0
github.com/dashfabric/fm/pkg/dm/rules.go:96.17,101.5 1 0
github.com/dashfabric/fm/pkg/dm/rules.go:104.4,104.37 1 0
github.com/dashfabric/fm/pkg/dm/rules.go:104.37,109.5 1 0
github.com/dashfabric/fm/pkg/dm/rules.go:112.2,112.12 1 0
github.com/dashfabric/fm/pkg/dm/rules.go:115.79,117.2 1 0
github.com/dashfabric/fm/pkg/dm/rules.go:122.43,124.2 1 0
github.com/dashfabric/fm/pkg/dm/rules.go:126.85,133.41 4 0
github.com/dashfabric/fm/pkg/dm/rules.go:133.41,137.14 4 0
github.com/dashfabric/fm/pkg/dm/rules.go:137.14,139.4 1 0
github.com/dashfabric/fm/pkg/dm/rules.go:142.2,142.49 1 0
github.com/dashfabric/fm/pkg/dm/rules.go:142.49,147.3 1 0
github.com/dashfabric/fm/pkg/dm/rules.go:148.2,148.12 1 0
github.com/dashfabric/fm/pkg/dm/rules.go:151.84,153.2 1 0
github.com/dashfabric/fm/pkg/dm/rules.go:158.43,160.2 1 0
github.com/dashfabric/fm/pkg/dm/rules.go:162.85,166.49 3 0
github.com/dashfabric/fm/pkg/dm/rules.go:166.49,171.15 4 0
github.com/dashfabric/fm/pkg/dm/rules.go:171.15,175.4 1 0
github.com/dashfabric/fm/pkg/dm/rules.go:177.2,177.12 1 0
github.com/dashfabric/fm/pkg/dm/rules.go:180.84,182.2 1 0
github.com/dashfabric/fm/pkg/dm/types.go:107.51,112.2 1 0
github.com/dashfabric/fm/pkg/dm/types.go:115.46,119.2 3 0
github.com/dashfabric/fm/pkg/dm/types.go:122.63,127.2 4 0
github.com/dashfabric/fm/pkg/dm/types.go:130.47,134.27 4 0
github.com/dashfabric/fm/pkg/dm/types.go:134.27,136.3 1 0
github.com/dashfabric/fm/pkg/dm/types.go:137.2,137.13 1 0
github.com/dashfabric/fm/pkg/dm/types.go:141.48,146.2 1 0
github.com/dashfabric/fm/pkg/dm/types.go:149.67,153.2 3 0
github.com/dashfabric/fm/pkg/dm/types.go:156.66,161.2 4 0
github.com/dashfabric/fm/pkg/dm/types.go:164.52,168.31 4 0
github.com/dashfabric/fm/pkg/dm/types.go:168.31,170.3 1 0
github.com/dashfabric/fm/pkg/dm/types.go:171.2,171.17 1 0
github.com/dashfabric/fm/pkg/dm/types.go:175.42,187.2 1 0
github.com/dashfabric/fm/pkg/dm/types.go:190.62,194.2 3 0
github.com/dashfabric/fm/pkg/dm/types.go:197.80,201.46 3 0
github.com/dashfabric/fm/pkg/dm/types.go:201.46,203.3 1 0
github.com/dashfabric/fm/pkg/dm/types.go:205.2,207.12 3 0
github.com/dashfabric/fm/pkg/dm/types.go:211.77,215.44 3 0
github.com/dashfabric/fm/pkg/dm/types.go:215.44,217.3 1 0
github.com/dashfabric/fm/pkg/dm/types.go:219.2,221.12 3 0
github.com/dashfabric/fm/pkg/dm/types.go:225.74,232.29 6 0
github.com/dashfabric/fm/pkg/dm/types.go:232.29,233.51 1 0
github.com/dashfabric/fm/pkg/dm/types.go:233.51,235.4 1 0
github.com/dashfabric/fm/pkg/dm/types.go:237.2,237.12 1 0
github.com/dashfabric/fm/pkg/dm/types.go:241.51,248.2 1 0
github.com/dashfabric/fm/pkg/dm/types.go:251.53,252.9 1 0
github.com/dashfabric/fm/pkg/dm/types.go:253.22,254.13 1 0
github.com/dashfabric/fm/pkg/dm/types.go:255.10,256.27 1 0
github.com/dashfabric/fm/pkg/dm/types.go:261.88,262.12 1 0
github.com/dashfabric/fm/pkg/dm/types.go:262.12,263.7 1 0
github.com/dashfabric/fm/pkg/dm/types.go:263.7,264.11 1 0
github.com/dashfabric/fm/pkg/dm/types.go:265.22,266.11 1 0
github.com/dashfabric/fm/pkg/dm/types.go:267.26,269.27 2 0
github.com/dashfabric/fm/pkg/dm/types.go:269.27,271.6 1 0
github.com/dashfabric/fm/pkg/testutil/mocks.go:39.71,45.2 1 0
github.com/dashfabric/fm/pkg/testutil/mocks.go:48.92,55.57 4 0
github.com/dashfabric/fm/pkg/testutil/mocks.go:55.57,59.3 3 0
github.com/dashfabric/fm/pkg/testutil/mocks.go:62.2,65.43 2 0
github.com/dashfabric/fm/pkg/testutil/mocks.go:65.43,68.3 2 0
github.com/dashfabric/fm/pkg/testutil/mocks.go:70.2,70.12 1 0
github.com/dashfabric/fm/pkg/testutil/mocks.go:74.46,85.2 3 0
github.com/dashfabric/fm/pkg/testutil/mocks.go:88.31,94.2 5 0
github.com/dashfabric/fm/pkg/testutil/mocks.go:112.40,116.2 1 0
github.com/dashfabric/fm/pkg/testutil/mocks.go:119.58,123.2 3 0
github.com/dashfabric/fm/pkg/testutil/mocks.go:126.50,130.2 3 0
github.com/dashfabric/fm/pkg/testutil/mocks.go:133.82,138.31 4 0
github.com/dashfabric/fm/pkg/testutil/mocks.go:138.31,139.25 1 0
github.com/dashfabric/fm/pkg/testutil/mocks.go:139.25,141.4 1 0
github.com/dashfabric/fm/pkg/testutil/mocks.go:143.2,143.21 1 0
github.com/dashfabric/fm/pkg/testutil/mocks.go:149.107,150.24 1 0
github.com/dashfabric/fm/pkg/testutil/mocks.go:150.24,152.3 1 0
github.com/dashfabric/fm/pkg/testutil/mocks.go:156.92,157.16 1 0
github.com/dashfabric/fm/pkg/testutil/mocks.go:157.16,159.3 1 0
github.com/dashfabric/fm/pkg/testutil/mocks.go:163.94,164.18 1 0
github.com/dashfabric/fm/pkg/testutil/mocks.go:164.18,166.3 1 0
github.com/dashfabric/fm/pkg/testutil/mocks.go:170.97,171.18 1 0
github.com/dashfabric/fm/pkg/testutil/mocks.go:171.18,173.3 1 0
github.com/dashfabric/fm/pkg/cm/cache.go:30.41,31.18 1 1
github.com/dashfabric/fm/pkg/cm/cache.go:31.18,33.3 1 1
github.com/dashfabric/fm/pkg/cm/cache.go:34.2,38.3 1 1
github.com/dashfabric/fm/pkg/cm/cache.go:43.59,47.50 3 1
github.com/dashfabric/fm/pkg/cm/cache.go:47.50,53.3 3 1
github.com/dashfabric/fm/pkg/cm/cache.go:56.2,68.29 6 1
github.com/dashfabric/fm/pkg/cm/cache.go:68.29,70.3 1 1
github.com/dashfabric/fm/pkg/cm/cache.go:72.2,72.14 1 1
github.com/dashfabric/fm/pkg/cm/cache.go:77.31,79.17 2 1
github.com/dashfabric/fm/pkg/cm/cache.go:79.17,83.3 3 1
github.com/dashfabric/fm/pkg/cm/cache.go:87.31,91.2 3 1
github.com/dashfabric/fm/pkg/cm/cache.go:94.34,96.2 1 1
github.com/dashfabric/fm/pkg/cm/cache.go:99.39,105.15 5 1
github.com/dashfabric/fm/pkg/cm/cache.go:105.15,107.3 1 1
github.com/dashfabric/fm/pkg/cm/cache.go:109.2,116.3 1 1
github.com/dashfabric/fm/pkg/cm/cache.go:120.28,129.2 7 1
github.com/dashfabric/fm/pkg/cm/subscriber.go:20.74,21.16 1 0
github.com/dashfabric/fm/pkg/cm/subscriber.go:21.16,23.3 1 0
github.com/dashfabric/fm/pkg/cm/subscriber.go:25.2,29.16 2 0
github.com/dashfabric/fm/pkg/cm/subscriber.go:29.16,31.3 1 0
github.com/dashfabric/fm/pkg/cm/subscriber.go:33.2,38.8 1 0
github.com/dashfabric/fm/pkg/cm/subscriber.go:42.96,43.22 1 0
github.com/dashfabric/fm/pkg/cm/subscriber.go:43.22,45.3 1 0
github.com/dashfabric/fm/pkg/cm/subscriber.go:48.2,48.31 1 0
github.com/dashfabric/fm/pkg/cm/subscriber.go:48.31,50.3 1 0
github.com/dashfabric/fm/pkg/cm/subscriber.go:52.2,52.23 1 0
github.com/dashfabric/fm/pkg/cm/subscriber.go:56.72,59.6 2 0
github.com/dashfabric/fm/pkg/cm/subscriber.go:59.6,60.10 1 0
github.com/dashfabric/fm/pkg/cm/subscriber.go:61.19,62.10 1 0
github.com/dashfabric/fm/pkg/cm/subscriber.go:63.21,64.10 1 0
github.com/dashfabric/fm/pkg/cm/subscriber.go:65.26,66.25 1 0
github.com/dashfabric/fm/pkg/cm/subscriber.go:66.25,67.13 1 0
github.com/dashfabric/fm/pkg/cm/subscriber.go:70.4,70.38 1 0
github.com/dashfabric/fm/pkg/cm/subscriber.go:70.38,79.12 3 0
github.com/dashfabric/fm/pkg/cm/subscriber.go:80.27,80.27 0 0
github.com/dashfabric/fm/pkg/cm/subscriber.go:81.21,82.12 1 0
github.com/dashfabric/fm/pkg/cm/subscriber.go:90.40,93.2 2 0
github.com/dashfabric/fm/pkg/cm/types.go:23.45,28.2 3 1
github.com/dashfabric/fm/pkg/cm/types.go:102.56,106.37 2 1
github.com/dashfabric/fm/pkg/cm/types.go:106.37,109.3 2 1
github.com/dashfabric/fm/pkg/cm/types.go:110.2,110.15 1 1
github.com/dashfabric/fm/pkg/cm/types.go:114.52,116.19 2 1
github.com/dashfabric/fm/pkg/cm/types.go:116.19,118.3 1 1
github.com/dashfabric/fm/pkg/cm/types.go:119.2,120.13 2 1
github.com/dashfabric/fm/pkg/cm/types.go:124.46,125.25 1 1
github.com/dashfabric/fm/pkg/cm/types.go:126.14,127.13 1 1
github.com/dashfabric/fm/pkg/cm/types.go:128.15,129.26 1 1
github.com/dashfabric/fm/pkg/cm/types.go:130.12,131.25 1 1
github.com/dashfabric/fm/pkg/cm/types.go:132.10,133.12 1 1
github.com/dashfabric/fm/pkg/cm/types.go:137.36,139.2 1 1
github.com/dashfabric/fm/pkg/cm/types.go:141.32,142.7 1 1
github.com/dashfabric/fm/pkg/cm/types.go:142.7,144.3 1 1
github.com/dashfabric/fm/pkg/cm/types.go:145.2,145.16 1 1
github.com/dashfabric/fm/pkg/dm/errors.go:21.52,23.2 1 0
github.com/dashfabric/fm/pkg/dm/rules.go:11.38,13.2 1 1
github.com/dashfabric/fm/pkg/dm/rules.go:15.80,19.33 3 1
github.com/dashfabric/fm/pkg/dm/rules.go:19.33,25.70 4 1
github.com/dashfabric/fm/pkg/dm/rules.go:25.70,30.4 1 1
github.com/dashfabric/fm/pkg/dm/rules.go:32.2,32.12 1 1
github.com/dashfabric/fm/pkg/dm/rules.go:35.79,38.2 1 0
github.com/dashfabric/fm/pkg/dm/rules.go:43.40,45.2 1 1
github.com/dashfabric/fm/pkg/dm/rules.go:47.82,51.39 3 1
github.com/dashfabric/fm/pkg/dm/rules.go:51.39,57.16 5 1
github.com/dashfabric/fm/pkg/dm/rules.go:57.16,62.4 1 1
github.com/dashfabric/fm/pkg/dm/rules.go:64.3,64.49 1 1
github.com/dashfabric/fm/pkg/dm/rules.go:64.49,69.4 1 0
github.com/dashfabric/fm/pkg/dm/rules.go:71.2,71.12 1 1
github.com/dashfabric/fm/pkg/dm/rules.go:74.81,76.2 1 0
github.com/dashfabric/fm/pkg/dm/rules.go:81.38,83.2 1 1
github.com/dashfabric/fm/pkg/dm/rules.go:85.80,89.39 3 1
github.com/dashfabric/fm/pkg/dm/rules.go:89.39,95.11 5 1
github.com/dashfabric/fm/pkg/dm/rules.go:95.11,96.17 1 1
github.com/dashfabric/fm/pkg/dm/rules.go:96.17,101.5 1 1
github.com/dashfabric/fm/pkg/dm/rules.go:104.4,104.37 1 1
github.com/dashfabric/fm/pkg/dm/rules.go:104.37,109.5 1 0
github.com/dashfabric/fm/pkg/dm/rules.go:112.2,112.12 1 1
github.com/dashfabric/fm/pkg/dm/rules.go:115.79,117.2 1 0
github.com/dashfabric/fm/pkg/dm/rules.go:122.43,124.2 1 1
github.com/dashfabric/fm/pkg/dm/rules.go:126.85,133.41 4 1
github.com/dashfabric/fm/pkg/dm/rules.go:133.41,137.14 4 1
github.com/dashfabric/fm/pkg/dm/rules.go:137.14,139.4 1 0
github.com/dashfabric/fm/pkg/dm/rules.go:142.2,142.49 1 1
github.com/dashfabric/fm/pkg/dm/rules.go:142.49,147.3 1 1
github.com/dashfabric/fm/pkg/dm/rules.go:148.2,148.12 1 1
github.com/dashfabric/fm/pkg/dm/rules.go:151.84,153.2 1 0
github.com/dashfabric/fm/pkg/dm/rules.go:158.43,160.2 1 0
github.com/dashfabric/fm/pkg/dm/rules.go:162.85,166.49 3 1
github.com/dashfabric/fm/pkg/dm/rules.go:166.49,171.15 4 1
github.com/dashfabric/fm/pkg/dm/rules.go:171.15,175.4 1 1
github.com/dashfabric/fm/pkg/dm/rules.go:177.2,177.12 1 1
github.com/dashfabric/fm/pkg/dm/rules.go:180.84,182.2 1 0
github.com/dashfabric/fm/pkg/dm/types.go:107.51,112.2 1 1
github.com/dashfabric/fm/pkg/dm/types.go:115.46,119.2 3 1
github.com/dashfabric/fm/pkg/dm/types.go:122.63,127.2 4 1
github.com/dashfabric/fm/pkg/dm/types.go:130.47,134.27 4 1
github.com/dashfabric/fm/pkg/dm/types.go:134.27,136.3 1 1
github.com/dashfabric/fm/pkg/dm/types.go:137.2,137.13 1 1
github.com/dashfabric/fm/pkg/dm/types.go:141.48,146.2 1 1
github.com/dashfabric/fm/pkg/dm/types.go:149.67,153.2 3 1
github.com/dashfabric/fm/pkg/dm/types.go:156.66,161.2 4 1
github.com/dashfabric/fm/pkg/dm/types.go:164.52,168.31 4 0
github.com/dashfabric/fm/pkg/dm/types.go:168.31,170.3 1 0
github.com/dashfabric/fm/pkg/dm/types.go:171.2,171.17 1 0
github.com/dashfabric/fm/pkg/dm/types.go:175.42,187.2 1 1
github.com/dashfabric/fm/pkg/dm/types.go:190.62,194.2 3 1
github.com/dashfabric/fm/pkg/dm/types.go:197.80,201.46 3 1
github.com/dashfabric/fm/pkg/dm/types.go:201.46,203.3 1 1
github.com/dashfabric/fm/pkg/dm/types.go:205.2,207.12 3 1
github.com/dashfabric/fm/pkg/dm/types.go:211.77,215.44 3 1
github.com/dashfabric/fm/pkg/dm/types.go:215.44,217.3 1 1
github.com/dashfabric/fm/pkg/dm/types.go:219.2,221.12 3 1
github.com/dashfabric/fm/pkg/dm/types.go:225.74,232.29 6 1
github.com/dashfabric/fm/pkg/dm/types.go:232.29,233.51 1 1
github.com/dashfabric/fm/pkg/dm/types.go:233.51,235.4 1 0
github.com/dashfabric/fm/pkg/dm/types.go:237.2,237.12 1 1
github.com/dashfabric/fm/pkg/dm/types.go:241.51,248.2 1 1
github.com/dashfabric/fm/pkg/dm/types.go:251.53,252.9 1 1
github.com/dashfabric/fm/pkg/dm/types.go:253.22,254.13 1 1
github.com/dashfabric/fm/pkg/dm/types.go:255.10,256.27 1 0
github.com/dashfabric/fm/pkg/dm/types.go:261.88,262.12 1 0
github.com/dashfabric/fm/pkg/dm/types.go:262.12,263.7 1 0
github.com/dashfabric/fm/pkg/dm/types.go:263.7,264.11 1 0
github.com/dashfabric/fm/pkg/dm/types.go:265.22,266.11 1 0
github.com/dashfabric/fm/pkg/dm/types.go:267.26,269.27 2 0
github.com/dashfabric/fm/pkg/dm/types.go:269.27,271.6 1 0
