mode: set
github.com/dashfabric/fm/pkg/layer1/dedup_cache.go:30.41,31.18 1 1
github.com/dashfabric/fm/pkg/layer1/dedup_cache.go:31.18,33.3 1 0
github.com/dashfabric/fm/pkg/layer1/dedup_cache.go:34.2,38.3 1 1
github.com/dashfabric/fm/pkg/layer1/dedup_cache.go:43.59,47.50 3 1
github.com/dashfabric/fm/pkg/layer1/dedup_cache.go:47.50,53.3 3 1
github.com/dashfabric/fm/pkg/layer1/dedup_cache.go:56.2,68.29 6 1
github.com/dashfabric/fm/pkg/layer1/dedup_cache.go:68.29,70.3 1 1
github.com/dashfabric/fm/pkg/layer1/dedup_cache.go:72.2,72.14 1 1
github.com/dashfabric/fm/pkg/layer1/dedup_cache.go:77.31,79.17 2 1
github.com/dashfabric/fm/pkg/layer1/dedup_cache.go:79.17,83.3 3 1
github.com/dashfabric/fm/pkg/layer1/dedup_cache.go:87.31,91.2 3 1
github.com/dashfabric/fm/pkg/layer1/dedup_cache.go:94.39,100.15 5 1
github.com/dashfabric/fm/pkg/layer1/dedup_cache.go:100.15,102.3 1 1
github.com/dashfabric/fm/pkg/layer1/dedup_cache.go:104.2,111.3 1 1
github.com/dashfabric/fm/pkg/layer1/dedup_cache.go:115.28,124.2 7 1
github.com/dashfabric/fm/pkg/layer1/types.go:21.45,26.2 3 1
github.com/dashfabric/fm/pkg/layer1/types.go:100.56,104.37 2 1
github.com/dashfabric/fm/pkg/layer1/types.go:104.37,107.3 2 1
github.com/dashfabric/fm/pkg/layer1/types.go:108.2,108.15 1 1
github.com/dashfabric/fm/pkg/layer1/types.go:112.52,114.19 2 1
github.com/dashfabric/fm/pkg/layer1/types.go:114.19,116.3 1 1
github.com/dashfabric/fm/pkg/layer1/types.go:118.2,118.13 1 1
github.com/dashfabric/fm/pkg/layer1/types.go:122.46,123.25 1 1
github.com/dashfabric/fm/pkg/layer1/types.go:124.14,125.13 1 0
github.com/dashfabric/fm/pkg/layer1/types.go:126.15,127.26 1 0
github.com/dashfabric/fm/pkg/layer1/types.go:128.12,129.25 1 0
github.com/dashfabric/fm/pkg/layer1/types.go:130.10,131.12 1 1
github.com/dashfabric/fm/pkg/layer1/types.go:135.36,138.2 1 0
github.com/dashfabric/fm/pkg/layer1/types.go:140.32,141.7 1 0
github.com/dashfabric/fm/pkg/layer1/types.go:141.7,143.3 1 0
github.com/dashfabric/fm/pkg/layer1/types.go:144.2,144.16 1 0
